<?xml version="1.0" encoding="UTF-8"?>
<!-- Generated by org.testng.reporters.JUnitReportReporter -->
<testsuite hostname="Sandhya-Laptop" failures="0" tests="1" name="com.OrangeHrm.Generic.BasePage" time="5.735" errors="0" timestamp="2024-08-05T15:34:36 IST" skipped="0">
  <testcase classname="com.OrangeHrm.Generic.BasePage" name="TestCase" time="5.735"/>
  <system-out/>
</testsuite> <!-- com.OrangeHrm.Generic.BasePage -->
