<?xml version="1.0" encoding="UTF-8"?>
<!-- Generated by org.testng.reporters.JUnitReportReporter -->
<testsuite hostname="Sandhya-Laptop" failures="0" tests="1" name="com.OrangeHrm.TestCases.ChartDisplayed" time="8.114" errors="0" timestamp="2024-08-06T13:26:02 IST" skipped="0">
  <testcase classname="com.OrangeHrm.TestCases.ChartDisplayed" name="pieDisplay" time="8.114"/>
  <system-out>
    <![CDATA[Admin page displayed]]>
  </system-out>
</testsuite> <!-- com.OrangeHrm.TestCases.ChartDisplayed -->
