<?xml version="1.0" encoding="UTF-8"?>
<!-- Generated by org.testng.reporters.JUnitReportReporter -->
<testsuite hostname="Sandhya-Laptop" failures="0" tests="1" name="com.OrangeHrm.TestCases.TestCase2" time="4.434" errors="0" timestamp="2024-08-14T15:21:23 IST" skipped="0">
  <testcase classname="com.OrangeHrm.TestCases.TestCase2" name="getUrl" time="4.434"/>
  <system-out>
    <![CDATA[https://opensource-demo.orangehrmlive.com/web/index.php/dashboard/index]]>
  </system-out>
</testsuite> <!-- com.OrangeHrm.TestCases.TestCase2 -->
